d:\bootcamp\source\repos\nscci\nscci\x64\debug\nscci.pch
d:\bootcamp\source\repos\nscci\nscci\x64\debug\vc142.pdb
d:\bootcamp\source\repos\nscci\nscci\x64\debug\stdafx.obj
d:\bootcamp\source\repos\nscci\nscci\x64\debug\nscci.obj
d:\bootcamp\source\repos\nscci\nscci\x64\debug\assemblyinfo.obj
d:\bootcamp\source\repos\nscci\nscci\x64\debug\.netframework,version=v4.5.2.assemblyattributes.obj
d:\bootcamp\source\repos\nscci\x64\debug\nscci.dll
d:\bootcamp\source\repos\nscci\x64\debug\nscci.pdb
d:\bootcamp\source\repos\nscci\nscci\x64\debug\app.res
d:\bootcamp\source\repos\nscci\nscci\x64\debug\nscci.tlog\cl.command.1.tlog
d:\bootcamp\source\repos\nscci\nscci\x64\debug\nscci.tlog\cl.read.1.tlog
d:\bootcamp\source\repos\nscci\nscci\x64\debug\nscci.tlog\cl.write.1.tlog
d:\bootcamp\source\repos\nscci\nscci\x64\debug\nscci.tlog\link.command.1.tlog
d:\bootcamp\source\repos\nscci\nscci\x64\debug\nscci.tlog\link.read.1.tlog
d:\bootcamp\source\repos\nscci\nscci\x64\debug\nscci.tlog\link.write.1.tlog
d:\bootcamp\source\repos\nscci\nscci\x64\debug\nscci.tlog\metagen.read.1.tlog
d:\bootcamp\source\repos\nscci\nscci\x64\debug\nscci.tlog\metagen.write.1.tlog
d:\bootcamp\source\repos\nscci\nscci\x64\debug\nscci.tlog\rc.command.1.tlog
d:\bootcamp\source\repos\nscci\nscci\x64\debug\nscci.tlog\rc.read.1.tlog
d:\bootcamp\source\repos\nscci\nscci\x64\debug\nscci.tlog\rc.write.1.tlog
