d:\bootcamp\source\repos\nscci\nscci\x64\release\nscci.pch
d:\bootcamp\source\repos\nscci\nscci\x64\release\vc142.pdb
d:\bootcamp\source\repos\nscci\nscci\x64\release\stdafx.obj
d:\bootcamp\source\repos\nscci\nscci\x64\release\nscci.obj
d:\bootcamp\source\repos\nscci\nscci\x64\release\assemblyinfo.obj
d:\bootcamp\source\repos\nscci\nscci\x64\release\.netframework,version=v4.5.2.assemblyattributes.obj
d:\bootcamp\source\repos\nscci\x64\release\nscci.dll
d:\bootcamp\source\repos\nscci\x64\release\nscci.pdb
d:\bootcamp\source\repos\nscci\nscci\x64\release\app.res
d:\bootcamp\source\repos\nscci\nscci\x64\release\nscci.tlog\cl.command.1.tlog
d:\bootcamp\source\repos\nscci\nscci\x64\release\nscci.tlog\cl.read.1.tlog
d:\bootcamp\source\repos\nscci\nscci\x64\release\nscci.tlog\cl.write.1.tlog
d:\bootcamp\source\repos\nscci\nscci\x64\release\nscci.tlog\link.command.1.tlog
d:\bootcamp\source\repos\nscci\nscci\x64\release\nscci.tlog\link.read.1.tlog
d:\bootcamp\source\repos\nscci\nscci\x64\release\nscci.tlog\link.write.1.tlog
d:\bootcamp\source\repos\nscci\nscci\x64\release\nscci.tlog\metagen.read.1.tlog
d:\bootcamp\source\repos\nscci\nscci\x64\release\nscci.tlog\metagen.write.1.tlog
d:\bootcamp\source\repos\nscci\nscci\x64\release\nscci.tlog\rc.command.1.tlog
d:\bootcamp\source\repos\nscci\nscci\x64\release\nscci.tlog\rc.read.1.tlog
d:\bootcamp\source\repos\nscci\nscci\x64\release\nscci.tlog\rc.write.1.tlog
